::1 - - [16/Jan/2024:05:35:20 +0000] "POST /api/otpauth/generateotp HTTP/1.1" 200 16 "-" "PostmanRuntime/7.36.0"
::1 - - [16/Jan/2024:05:35:36 +0000] "POST /api/otpauth/verifyotp HTTP/1.1" 200 578 "-" "PostmanRuntime/7.36.0"
::1 - - [16/Jan/2024:05:37:48 +0000] "GET /api/owners/myprofile HTTP/1.1" 500 25 "-" "PostmanRuntime/7.36.0"
::1 - - [16/Jan/2024:05:38:42 +0000] "GET /api/owners/myprofile HTTP/1.1" 500 25 "-" "PostmanRuntime/7.36.0"
::1 - - [16/Jan/2024:05:40:37 +0000] "GET /api/owners/myprofile HTTP/1.1" 500 25 "-" "PostmanRuntime/7.36.0"
::1 - - [16/Jan/2024:05:42:39 +0000] "GET /api/owners/myprofile HTTP/1.1" 200 160 "-" "PostmanRuntime/7.36.0"
::1 - - [16/Jan/2024:05:45:20 +0000] "POST /api/owners/addprofilepic HTTP/1.1" 500 33 "-" "PostmanRuntime/7.36.0"
::1 - - [16/Jan/2024:05:46:33 +0000] "POST /api/owners/addprofilepic HTTP/1.1" 200 169 "-" "PostmanRuntime/7.36.0"
::1 - - [16/Jan/2024:05:47:54 +0000] "GET /api/owners/myprofile HTTP/1.1" 200 148 "-" "PostmanRuntime/7.36.0"
::1 - - [16/Jan/2024:05:49:16 +0000] "GET /api/owners/myprofile HTTP/1.1" 200 148 "-" "PostmanRuntime/7.36.0"
::1 - - [16/Jan/2024:05:51:11 +0000] "PUT /api/owners/updateprofilepic HTTP/1.1" 500 33 "-" "PostmanRuntime/7.36.0"
::1 - - [16/Jan/2024:05:54:37 +0000] "PUT /api/owners/updateprofilepic HTTP/1.1" 500 33 "-" "PostmanRuntime/7.36.0"
::1 - - [16/Jan/2024:05:55:33 +0000] "PUT /api/owners/updateprofilepic HTTP/1.1" 200 151 "-" "PostmanRuntime/7.36.0"
::1 - - [16/Jan/2024:05:56:24 +0000] "GET /api/owners/myprofile HTTP/1.1" 200 148 "-" "PostmanRuntime/7.36.0"
::1 - - [16/Jan/2024:05:57:08 +0000] "GET /api/owners/myprofile HTTP/1.1" 200 148 "-" "PostmanRuntime/7.36.0"
::1 - - [16/Jan/2024:05:57:27 +0000] "GET /api/owners/myprofile HTTP/1.1" 200 148 "-" "PostmanRuntime/7.36.0"
::1 - - [16/Jan/2024:06:06:47 +0000] "PUT /api/owners/updateuserdetails HTTP/1.1" 500 25 "-" "PostmanRuntime/7.36.0"
::1 - - [16/Jan/2024:06:07:39 +0000] "PUT /api/owners/updateuserdetails HTTP/1.1" 200 142 "-" "PostmanRuntime/7.36.0"
::1 - - [16/Jan/2024:06:33:30 +0000] "GET /api/owners/myprofile HTTP/1.1" 200 203 "-" "PostmanRuntime/7.36.0"
::1 - - [16/Jan/2024:06:34:07 +0000] "GET /api/owners/addprofilepic HTTP/1.1" 500 25 "-" "PostmanRuntime/7.36.0"
::1 - - [16/Jan/2024:06:34:18 +0000] "POST /api/owners/addprofilepic HTTP/1.1" 200 169 "-" "PostmanRuntime/7.36.0"
::1 - - [16/Jan/2024:06:35:05 +0000] "POST /api/owners/updateprofilepic HTTP/1.1" 404 167 "-" "PostmanRuntime/7.36.0"
::1 - - [16/Jan/2024:06:35:13 +0000] "PUT /api/owners/updateprofilepic HTTP/1.1" 200 151 "-" "PostmanRuntime/7.36.0"
::1 - - [17/Jan/2024:06:32:47 +0000] "POST /api/otpauth/generateotp HTTP/1.1" 200 16 "-" "PostmanRuntime/7.36.1"
::1 - - [17/Jan/2024:06:33:01 +0000] "POST /api/otpauth/verifyotp HTTP/1.1" 200 775 "-" "PostmanRuntime/7.36.1"
::1 - - [17/Jan/2024:09:41:01 +0000] "GET /api/bus%20 HTTP/1.1" 404 149 "-" "PostmanRuntime/7.36.1"
::1 - - [17/Jan/2024:09:41:15 +0000] "GET /api/bus%20 HTTP/1.1" 404 149 "-" "PostmanRuntime/7.36.1"
::1 - - [17/Jan/2024:09:41:22 +0000] "GET /api/bus HTTP/1.1" 200 4644 "-" "PostmanRuntime/7.36.1"
::1 - - [22/Jan/2024:06:51:37 +0000] "POST /api/otpauth/generateotp HTTP/1.1" 200 16 "-" "PostmanRuntime/7.36.1"
::1 - - [22/Jan/2024:06:51:53 +0000] "POST /api/otpauth/verifyotp HTTP/1.1" 200 578 "-" "PostmanRuntime/7.36.1"
::1 - - [22/Jan/2024:06:54:03 +0000] "POST /api/bus/businformation HTTP/1.1" 500 33 "-" "PostmanRuntime/7.36.1"
::1 - - [22/Jan/2024:06:57:00 +0000] "POST /api/bus/businformation HTTP/1.1" 500 33 "-" "PostmanRuntime/7.36.1"
::1 - - [22/Jan/2024:06:57:25 +0000] "POST /api/bus/businformation HTTP/1.1" 500 33 "-" "PostmanRuntime/7.36.1"
::1 - - [22/Jan/2024:06:57:49 +0000] "POST /api/bus/businformation HTTP/1.1" 201 672 "-" "PostmanRuntime/7.36.1"
::1 - - [23/Jan/2024:06:34:20 +0000] "POST /api/bus/businformation HTTP/1.1" 201 74 "-" "PostmanRuntime/7.36.1"
::1 - - [23/Jan/2024:06:42:46 +0000] "POST /api/bus/addroutes/65af5decd154e5e09ce2f62c HTTP/1.1" 500 33 "-" "PostmanRuntime/7.36.1"
::1 - - [23/Jan/2024:06:43:13 +0000] "POST /api/bus/addroutes/65af5decd154e5e09ce2f62c HTTP/1.1" 500 33 "-" "PostmanRuntime/7.36.1"
::1 - - [23/Jan/2024:06:44:23 +0000] "POST /api/bus/addroutes/65af5decd154e5e09ce2f62c HTTP/1.1" 500 33 "-" "PostmanRuntime/7.36.1"
::1 - - [23/Jan/2024:06:47:34 +0000] "POST /api/bus/addroutes/65af5decd154e5e09ce2f62c HTTP/1.1" 500 33 "-" "PostmanRuntime/7.36.1"
::1 - - [23/Jan/2024:06:49:56 +0000] "POST /api/bus/addroutes/65af5decd154e5e09ce2f62c HTTP/1.1" 201 102 "-" "PostmanRuntime/7.36.1"
::1 - - [23/Jan/2024:15:42:05 +0000] "POST /api/bus/addroutes/65af5decd154e5e09ce2f62c HTTP/1.1" 401 27 "-" "PostmanRuntime/7.36.1"
