::1 - - [12/Dec/2023:06:32:30 +0000] "POST /api/auth-owner/refreshtoken HTTP/1.1" 200 27 "-" "PostmanRuntime/7.35.0"
::1 - - [12/Dec/2023:06:35:28 +0000] "POST /api/auth-owner/refreshtoken HTTP/1.1" 200 211 "-" "PostmanRuntime/7.35.0"
::1 - - [12/Dec/2023:09:05:48 +0000] "POST /api/otpauth/generateotp/ HTTP/1.1" 200 16 "-" "PostmanRuntime/7.35.0"
::1 - - [12/Dec/2023:09:06:07 +0000] "POST /api/otpauth/verifyotp/ HTTP/1.1" 200 718 "-" "PostmanRuntime/7.35.0"
::1 - - [12/Dec/2023:09:10:31 +0000] "POST /api/locations/ HTTP/1.1" 200 84 "-" "PostmanRuntime/7.35.0"
::1 - - [12/Dec/2023:09:17:35 +0000] "GET /api/locations HTTP/1.1" 200 86 "http://localhost:8525/api-docs/" "Mozilla/5.0 (Windows NT 10.0; Win64; x64) AppleWebKit/537.36 (KHTML, like Gecko) Chrome/120.0.0.0 Safari/537.36"
::1 - - [12/Dec/2023:09:18:20 +0000] "GET /api/locations/ HTTP/1.1" 200 86 "-" "PostmanRuntime/7.35.0"
::1 - - [12/Dec/2023:09:20:54 +0000] "POST /api/locations/ HTTP/1.1" 200 82 "-" "PostmanRuntime/7.35.0"
::1 - - [12/Dec/2023:09:21:07 +0000] "GET /api/locations/ HTTP/1.1" 200 169 "-" "PostmanRuntime/7.35.0"
::1 - - [12/Dec/2023:09:21:44 +0000] "GET /api/locations/ HTTP/1.1" 200 169 "-" "PostmanRuntime/7.35.0"
::1 - - [12/Dec/2023:09:23:54 +0000] "GET /api/locations/ HTTP/1.1" 200 169 "-" "PostmanRuntime/7.35.0"
::1 - - [12/Dec/2023:09:28:04 +0000] "POST /api/locations HTTP/1.1" 401 26 "http://localhost:8525/api-docs/" "Mozilla/5.0 (Windows NT 10.0; Win64; x64) AppleWebKit/537.36 (KHTML, like Gecko) Chrome/120.0.0.0 Safari/537.36"
::1 - - [13/Dec/2023:08:07:39 +0000] "GET /api/locations/657823879e7103d4b6e3dee8 HTTP/1.1" 401 26 "http://localhost:8525/api-docs/" "Mozilla/5.0 (Windows NT 10.0; Win64; x64) AppleWebKit/537.36 (KHTML, like Gecko) Chrome/120.0.0.0 Safari/537.36"
::1 - - [13/Dec/2023:08:08:09 +0000] "GET /api/locations/657823879e7103d4b6e3dee8 HTTP/1.1" 200 43 "-" "PostmanRuntime/7.35.0"
::1 - - [13/Dec/2023:08:31:07 +0000] "GET /api/locations/657823879e7103d4b6e3dee8 HTTP/1.1" 200 43 "-" "PostmanRuntime/7.35.0"
::1 - - [13/Dec/2023:08:37:35 +0000] "PUT /api/locations/657823879e7103d4b6e3dee8 HTTP/1.1" 200 103 "-" "PostmanRuntime/7.35.0"
::1 - - [13/Dec/2023:08:59:02 +0000] "POST /api/locations/657823879e7103d4b6e3dee8 HTTP/1.1" 404 178 "-" "PostmanRuntime/7.35.0"
::1 - - [13/Dec/2023:08:59:13 +0000] "POST /api/locations/ HTTP/1.1" 200 84 "-" "PostmanRuntime/7.35.0"
::1 - - [15/Dec/2023:06:15:16 +0000] "POST /api/admin/allowners HTTP/1.1" 404 159 "-" "PostmanRuntime/7.36.0"
::1 - - [15/Dec/2023:06:15:22 +0000] "GET /api/admin/allowners HTTP/1.1" 401 27 "-" "PostmanRuntime/7.36.0"
::1 - - [15/Dec/2023:06:15:48 +0000] "GET /api/owner-auth/refreshtoken HTTP/1.1" 404 166 "-" "PostmanRuntime/7.36.0"
::1 - - [15/Dec/2023:06:17:15 +0000] "POST /api/owner-auth/refreshtoken HTTP/1.1" 404 167 "-" "PostmanRuntime/7.36.0"
::1 - - [15/Dec/2023:06:17:48 +0000] "POST /api/auth-owner/refreshtoken HTTP/1.1" 200 27 "-" "PostmanRuntime/7.36.0"
::1 - - [15/Dec/2023:06:18:32 +0000] "POST /api/auth-owner/generateotp HTTP/1.1" 404 166 "-" "PostmanRuntime/7.36.0"
::1 - - [15/Dec/2023:06:19:00 +0000] "POST /api/authotp/generateotp HTTP/1.1" 404 163 "-" "PostmanRuntime/7.36.0"
::1 - - [15/Dec/2023:06:19:16 +0000] "POST /api/otpauth/generateotp HTTP/1.1" 400 47 "-" "PostmanRuntime/7.36.0"
::1 - - [15/Dec/2023:06:20:19 +0000] "POST /api/otpauth/generateotp HTTP/1.1" 200 16 "-" "PostmanRuntime/7.36.0"
::1 - - [15/Dec/2023:06:20:32 +0000] "POST /api/otpauth/generateotp HTTP/1.1" 200 16 "-" "PostmanRuntime/7.36.0"
::1 - - [15/Dec/2023:06:20:57 +0000] "POST /api/otpauth/verifyotp HTTP/1.1" 200 718 "-" "PostmanRuntime/7.36.0"
::1 - - [15/Dec/2023:06:21:44 +0000] "POST /api/otpauth/verifyotp HTTP/1.1" 200 718 "-" "PostmanRuntime/7.36.0"
